[ 01/24/2023 15:08:37.035 parse_config_libconfig WARN ] The refresh-rate option has been deprecated. Please remove it from your configuration file. If you encounter any problems without this feature, please feel free to open a bug report
** Message: 15:58:44.833: Connecting to org.freedesktop.Tracker3.Miner.Files

(google-chrome:14521): Gtk-WARNING **: 15:58:53.880: Theme parsing error: gtk.css:7190:16: Junk at end of value for color

(google-chrome:14521): Gtk-WARNING **: 15:58:53.880: Theme parsing error: gtk.css:7237:15: unknown value for property

(google-chrome:14521): Gtk-WARNING **: 15:58:53.880: Theme parsing error: gtk.css:7284:5: 'boder' is not a valid property name

(google-chrome:14521): Gtk-WARNING **: 15:58:53.880: Theme parsing error: gtk.css:7329:0: Expected a valid selector

(google-chrome:14521): Gtk-WARNING **: 15:58:53.887: Theme parsing error: gtk.css:10832:13: Not using units is deprecated. Assuming 'px'.

(google-chrome:14521): Gtk-WARNING **: 15:58:53.887: Theme parsing error: gtk.css:10874:17: Not using units is deprecated. Assuming 'px'.

(google-chrome:14521): Gtk-WARNING **: 15:58:53.887: Theme parsing error: gtk.css:10940:17: Not using units is deprecated. Assuming 'px'.
Opening in existing browser session.
** Message: 15:03:35.527: Connecting to org.freedesktop.Tracker3.Miner.Files

(google-chrome:46289): Gtk-WARNING **: 15:03:40.519: Theme parsing error: gtk.css:7190:16: Junk at end of value for color

(google-chrome:46289): Gtk-WARNING **: 15:03:40.519: Theme parsing error: gtk.css:7237:15: unknown value for property

(google-chrome:46289): Gtk-WARNING **: 15:03:40.519: Theme parsing error: gtk.css:7284:5: 'boder' is not a valid property name

(google-chrome:46289): Gtk-WARNING **: 15:03:40.519: Theme parsing error: gtk.css:7329:0: Expected a valid selector

(google-chrome:46289): Gtk-WARNING **: 15:03:40.525: Theme parsing error: gtk.css:10832:13: Not using units is deprecated. Assuming 'px'.

(google-chrome:46289): Gtk-WARNING **: 15:03:40.526: Theme parsing error: gtk.css:10874:17: Not using units is deprecated. Assuming 'px'.

(google-chrome:46289): Gtk-WARNING **: 15:03:40.526: Theme parsing error: gtk.css:10940:17: Not using units is deprecated. Assuming 'px'.
Opening in existing browser session.
** Message: 08:10:52.255: Connecting to org.freedesktop.Tracker3.Miner.Files

(google-chrome:6011): Gtk-WARNING **: 08:10:58.868: Theme parsing error: gtk.css:7190:16: Junk at end of value for color

(google-chrome:6011): Gtk-WARNING **: 08:10:58.868: Theme parsing error: gtk.css:7237:15: unknown value for property

(google-chrome:6011): Gtk-WARNING **: 08:10:58.868: Theme parsing error: gtk.css:7284:5: 'boder' is not a valid property name

(google-chrome:6011): Gtk-WARNING **: 08:10:58.868: Theme parsing error: gtk.css:7329:0: Expected a valid selector

(google-chrome:6011): Gtk-WARNING **: 08:10:58.874: Theme parsing error: gtk.css:10832:13: Not using units is deprecated. Assuming 'px'.

(google-chrome:6011): Gtk-WARNING **: 08:10:58.874: Theme parsing error: gtk.css:10874:17: Not using units is deprecated. Assuming 'px'.

(google-chrome:6011): Gtk-WARNING **: 08:10:58.874: Theme parsing error: gtk.css:10940:17: Not using units is deprecated. Assuming 'px'.
Opening in existing browser session.
[ 01/26/2023 11:09:05.052 parse_config_libconfig WARN ] The refresh-rate option has been deprecated. Please remove it from your configuration file. If you encounter any problems without this feature, please feel free to open a bug report
** Message: 15:41:56.587: Connecting to org.freedesktop.Tracker3.Miner.Files
