** Message: 13:58:33.015: Connecting to org.freedesktop.Tracker3.Miner.Files

(google-chrome:6756): Gtk-WARNING **: 13:58:36.880: Theme parsing error: gtk.css:7190:16: Junk at end of value for color

(google-chrome:6756): Gtk-WARNING **: 13:58:36.880: Theme parsing error: gtk.css:7237:15: unknown value for property

(google-chrome:6756): Gtk-WARNING **: 13:58:36.880: Theme parsing error: gtk.css:7284:5: 'boder' is not a valid property name

(google-chrome:6756): Gtk-WARNING **: 13:58:36.880: Theme parsing error: gtk.css:7329:0: Expected a valid selector

(google-chrome:6756): Gtk-WARNING **: 13:58:36.887: Theme parsing error: gtk.css:10832:13: Not using units is deprecated. Assuming 'px'.

(google-chrome:6756): Gtk-WARNING **: 13:58:36.887: Theme parsing error: gtk.css:10874:17: Not using units is deprecated. Assuming 'px'.

(google-chrome:6756): Gtk-WARNING **: 13:58:36.887: Theme parsing error: gtk.css:10940:17: Not using units is deprecated. Assuming 'px'.
Opening in existing browser session.
** Message: 14:38:48.716: Connecting to org.freedesktop.Tracker3.Miner.Files

(google-chrome:4074): Gtk-WARNING **: 14:38:55.933: Theme parsing error: gtk.css:7190:16: Junk at end of value for color

(google-chrome:4074): Gtk-WARNING **: 14:38:55.934: Theme parsing error: gtk.css:7237:15: unknown value for property

(google-chrome:4074): Gtk-WARNING **: 14:38:55.934: Theme parsing error: gtk.css:7284:5: 'boder' is not a valid property name

(google-chrome:4074): Gtk-WARNING **: 14:38:55.934: Theme parsing error: gtk.css:7329:0: Expected a valid selector

(google-chrome:4074): Gtk-WARNING **: 14:38:55.940: Theme parsing error: gtk.css:10832:13: Not using units is deprecated. Assuming 'px'.

(google-chrome:4074): Gtk-WARNING **: 14:38:55.940: Theme parsing error: gtk.css:10874:17: Not using units is deprecated. Assuming 'px'.

(google-chrome:4074): Gtk-WARNING **: 14:38:55.940: Theme parsing error: gtk.css:10940:17: Not using units is deprecated. Assuming 'px'.
Opening in existing browser session.
** Message: 22:57:03.834: Connecting to org.freedesktop.Tracker3.Miner.Files

(google-chrome:50138): Gtk-WARNING **: 22:57:08.187: Theme parsing error: gtk.css:7190:16: Junk at end of value for color

(google-chrome:50138): Gtk-WARNING **: 22:57:08.187: Theme parsing error: gtk.css:7237:15: unknown value for property

(google-chrome:50138): Gtk-WARNING **: 22:57:08.188: Theme parsing error: gtk.css:7284:5: 'boder' is not a valid property name

(google-chrome:50138): Gtk-WARNING **: 22:57:08.188: Theme parsing error: gtk.css:7329:0: Expected a valid selector

(google-chrome:50138): Gtk-WARNING **: 22:57:08.194: Theme parsing error: gtk.css:10832:13: Not using units is deprecated. Assuming 'px'.

(google-chrome:50138): Gtk-WARNING **: 22:57:08.194: Theme parsing error: gtk.css:10874:17: Not using units is deprecated. Assuming 'px'.

(google-chrome:50138): Gtk-WARNING **: 22:57:08.194: Theme parsing error: gtk.css:10940:17: Not using units is deprecated. Assuming 'px'.
Warning: disabling flag --expose_wasm due to conflicting flags
Warning: disabling flag --expose_wasm due to conflicting flags
Fontconfig error: Cannot load default config file: No such file: (null)
[50185:50190:0202/230950.221307:ERROR:ssl_client_socket_impl.cc(985)] handshake failed; returned -1, SSL error code 1, net_error -100
[50185:50190:0202/230950.355470:ERROR:ssl_client_socket_impl.cc(985)] handshake failed; returned -1, SSL error code 1, net_error -100
[50185:50190:0202/230950.358280:ERROR:ssl_client_socket_impl.cc(985)] handshake failed; returned -1, SSL error code 1, net_error -100
[50185:50190:0202/230950.662651:ERROR:ssl_client_socket_impl.cc(985)] handshake failed; returned -1, SSL error code 1, net_error -100
